[debug] [2022-03-17T01:57:34.598Z] ----------------------------------------------------------------------
[debug] [2022-03-17T01:57:34.600Z] Command:       C:\Program Files\nodejs\node.exe C:\Users\johnj\AppData\Roaming\npm\node_modules\firebase-tools\lib\bin\firebase.js init
[debug] [2022-03-17T01:57:34.600Z] CLI Version:   10.3.1
[debug] [2022-03-17T01:57:34.600Z] Platform:      win32
[debug] [2022-03-17T01:57:34.600Z] Node Version:  v17.7.0
[debug] [2022-03-17T01:57:34.601Z] Time:          Wed Mar 16 2022 20:57:34 GMT-0500 (hora estándar de Colombia)
[debug] [2022-03-17T01:57:34.602Z] ----------------------------------------------------------------------
[debug] 
[debug] [2022-03-17T01:57:34.658Z] > command requires scopes: ["email","openid","https://www.googleapis.com/auth/cloudplatformprojects.readonly","https://www.googleapis.com/auth/firebase","https://www.googleapis.com/auth/cloud-platform"]
[debug] [2022-03-17T01:57:34.658Z] > authorizing via signed-in user (johnjairorodriguez384@gmail.com)
[info] 
     ######## #### ########  ######## ########     ###     ######  ########
     ##        ##  ##     ## ##       ##     ##  ##   ##  ##       ##
     ######    ##  ########  ######   ########  #########  ######  ######
     ##        ##  ##    ##  ##       ##     ## ##     ##       ## ##
     ##       #### ##     ## ######## ########  ##     ##  ######  ########

You're about to initialize a Firebase project in this directory:

  C:\programacion\pwa\src

Before we get started, keep in mind:

  * You are currently outside your home directory
  * You are initializing within an existing Firebase project directory

